{"/Users/paulo/Documents/paulo/Cursos/AssureSoft(Training)/6. Frontend Web Development/Tasks/AssureFrontendTrain-task11/src/App.js": {"path":"/Users/paulo/Documents/paulo/Cursos/AssureSoft(Training)/6. Frontend Web Development/Tasks/AssureFrontendTrain-task11/src/App.js","statementMap":{"0":{"start":{"line":5,"column":2},"end":{"line":8,"column":4}}},"fnMap":{"0":{"name":"App","decl":{"start":{"line":4,"column":9},"end":{"line":4,"column":12}},"loc":{"start":{"line":4,"column":15},"end":{"line":9,"column":1}},"line":4}},"branchMap":{},"s":{"0":0},"f":{"0":0},"b":{}}
,"/Users/paulo/Documents/paulo/Cursos/AssureSoft(Training)/6. Frontend Web Development/Tasks/AssureFrontendTrain-task11/src/index.js": {"path":"/Users/paulo/Documents/paulo/Cursos/AssureSoft(Training)/6. Frontend Web Development/Tasks/AssureFrontendTrain-task11/src/index.js","statementMap":{"0":{"start":{"line":9,"column":18},"end":{"line":9,"column":49}},"1":{"start":{"line":10,"column":13},"end":{"line":10,"column":34}},"2":{"start":{"line":12,"column":0},"end":{"line":18,"column":2}},"3":{"start":{"line":23,"column":0},"end":{"line":23,"column":18}}},"fnMap":{},"branchMap":{},"s":{"0":0,"1":0,"2":0,"3":0},"f":{},"b":{}}
,"/Users/paulo/Documents/paulo/Cursos/AssureSoft(Training)/6. Frontend Web Development/Tasks/AssureFrontendTrain-task11/src/reportWebVitals.js": {"path":"/Users/paulo/Documents/paulo/Cursos/AssureSoft(Training)/6. Frontend Web Development/Tasks/AssureFrontendTrain-task11/src/reportWebVitals.js","statementMap":{"0":{"start":{"line":1,"column":24},"end":{"line":11,"column":1}},"1":{"start":{"line":2,"column":2},"end":{"line":10,"column":3}},"2":{"start":{"line":3,"column":4},"end":{"line":9,"column":7}},"3":{"start":{"line":4,"column":6},"end":{"line":4,"column":26}},"4":{"start":{"line":5,"column":6},"end":{"line":5,"column":26}},"5":{"start":{"line":6,"column":6},"end":{"line":6,"column":26}},"6":{"start":{"line":7,"column":6},"end":{"line":7,"column":26}},"7":{"start":{"line":8,"column":6},"end":{"line":8,"column":27}}},"fnMap":{"0":{"name":"(anonymous_0)","decl":{"start":{"line":1,"column":24},"end":{"line":1,"column":25}},"loc":{"start":{"line":1,"column":39},"end":{"line":11,"column":1}},"line":1},"1":{"name":"(anonymous_1)","decl":{"start":{"line":3,"column":30},"end":{"line":3,"column":31}},"loc":{"start":{"line":3,"column":79},"end":{"line":9,"column":5}},"line":3}},"branchMap":{"0":{"loc":{"start":{"line":2,"column":2},"end":{"line":10,"column":3}},"type":"if","locations":[{"start":{"line":2,"column":2},"end":{"line":10,"column":3}},{"start":{},"end":{}}],"line":2},"1":{"loc":{"start":{"line":2,"column":6},"end":{"line":2,"column":52}},"type":"binary-expr","locations":[{"start":{"line":2,"column":6},"end":{"line":2,"column":17}},{"start":{"line":2,"column":21},"end":{"line":2,"column":52}}],"line":2}},"s":{"0":0,"1":0,"2":0,"3":0,"4":0,"5":0,"6":0,"7":0},"f":{"0":0,"1":0},"b":{"0":[0,0],"1":[0,0]}}
,"/Users/paulo/Documents/paulo/Cursos/AssureSoft(Training)/6. Frontend Web Development/Tasks/AssureFrontendTrain-task11/src/app/store.js": {"path":"/Users/paulo/Documents/paulo/Cursos/AssureSoft(Training)/6. Frontend Web Development/Tasks/AssureFrontendTrain-task11/src/app/store.js","statementMap":{"0":{"start":{"line":5,"column":21},"end":{"line":10,"column":2}}},"fnMap":{},"branchMap":{},"s":{"0":0},"f":{},"b":{}}
,"/Users/paulo/Documents/paulo/Cursos/AssureSoft(Training)/6. Frontend Web Development/Tasks/AssureFrontendTrain-task11/src/components/calculator.jsx": {"path":"/Users/paulo/Documents/paulo/Cursos/AssureSoft(Training)/6. Frontend Web Development/Tasks/AssureFrontendTrain-task11/src/components/calculator.jsx","statementMap":{"0":{"start":{"line":14,"column":19},"end":{"line":14,"column":54}},"1":{"start":{"line":16,"column":4},"end":{"line":48,"column":5}}},"fnMap":{"0":{"name":"Calculator","decl":{"start":{"line":13,"column":9},"end":{"line":13,"column":19}},"loc":{"start":{"line":13,"column":22},"end":{"line":49,"column":1}},"line":13}},"branchMap":{},"s":{"0":0,"1":0},"f":{"0":0},"b":{}}
,"/Users/paulo/Documents/paulo/Cursos/AssureSoft(Training)/6. Frontend Web Development/Tasks/AssureFrontendTrain-task11/src/components/clear-key.jsx": {"path":"/Users/paulo/Documents/paulo/Cursos/AssureSoft(Training)/6. Frontend Web Development/Tasks/AssureFrontendTrain-task11/src/components/clear-key.jsx","statementMap":{"0":{"start":{"line":6,"column":21},"end":{"line":6,"column":34}},"1":{"start":{"line":7,"column":4},"end":{"line":13,"column":5}},"2":{"start":{"line":10,"column":23},"end":{"line":10,"column":49}}},"fnMap":{"0":{"name":"ClearKey","decl":{"start":{"line":5,"column":9},"end":{"line":5,"column":17}},"loc":{"start":{"line":5,"column":26},"end":{"line":14,"column":1}},"line":5},"1":{"name":"(anonymous_1)","decl":{"start":{"line":10,"column":17},"end":{"line":10,"column":18}},"loc":{"start":{"line":10,"column":23},"end":{"line":10,"column":49}},"line":10}},"branchMap":{},"s":{"0":0,"1":0,"2":0},"f":{"0":0,"1":0},"b":{}}
,"/Users/paulo/Documents/paulo/Cursos/AssureSoft(Training)/6. Frontend Web Development/Tasks/AssureFrontendTrain-task11/src/components/equal-key.jsx": {"path":"/Users/paulo/Documents/paulo/Cursos/AssureSoft(Training)/6. Frontend Web Development/Tasks/AssureFrontendTrain-task11/src/components/equal-key.jsx","statementMap":{"0":{"start":{"line":5,"column":21},"end":{"line":5,"column":34}},"1":{"start":{"line":7,"column":4},"end":{"line":14,"column":5}},"2":{"start":{"line":9,"column":23},"end":{"line":9,"column":50}}},"fnMap":{"0":{"name":"EqualKey","decl":{"start":{"line":4,"column":9},"end":{"line":4,"column":17}},"loc":{"start":{"line":4,"column":21},"end":{"line":15,"column":1}},"line":4},"1":{"name":"(anonymous_1)","decl":{"start":{"line":9,"column":17},"end":{"line":9,"column":18}},"loc":{"start":{"line":9,"column":23},"end":{"line":9,"column":50}},"line":9}},"branchMap":{},"s":{"0":0,"1":0,"2":0},"f":{"0":0,"1":0},"b":{}}
,"/Users/paulo/Documents/paulo/Cursos/AssureSoft(Training)/6. Frontend Web Development/Tasks/AssureFrontendTrain-task11/src/components/number-key.jsx": {"path":"/Users/paulo/Documents/paulo/Cursos/AssureSoft(Training)/6. Frontend Web Development/Tasks/AssureFrontendTrain-task11/src/components/number-key.jsx","statementMap":{"0":{"start":{"line":6,"column":21},"end":{"line":6,"column":34}},"1":{"start":{"line":8,"column":21},"end":{"line":10,"column":5}},"2":{"start":{"line":9,"column":8},"end":{"line":9,"column":47}},"3":{"start":{"line":12,"column":4},"end":{"line":19,"column":5}}},"fnMap":{"0":{"name":"NumberKey","decl":{"start":{"line":4,"column":9},"end":{"line":4,"column":18}},"loc":{"start":{"line":4,"column":27},"end":{"line":20,"column":1}},"line":4},"1":{"name":"(anonymous_1)","decl":{"start":{"line":8,"column":21},"end":{"line":8,"column":22}},"loc":{"start":{"line":8,"column":27},"end":{"line":10,"column":5}},"line":8}},"branchMap":{},"s":{"0":0,"1":0,"2":0,"3":0},"f":{"0":0,"1":0},"b":{}}
,"/Users/paulo/Documents/paulo/Cursos/AssureSoft(Training)/6. Frontend Web Development/Tasks/AssureFrontendTrain-task11/src/components/operation-key.jsx": {"path":"/Users/paulo/Documents/paulo/Cursos/AssureSoft(Training)/6. Frontend Web Development/Tasks/AssureFrontendTrain-task11/src/components/operation-key.jsx","statementMap":{"0":{"start":{"line":6,"column":19},"end":{"line":6,"column":32}},"1":{"start":{"line":7,"column":4},"end":{"line":14,"column":5}},"2":{"start":{"line":9,"column":27},"end":{"line":9,"column":66}}},"fnMap":{"0":{"name":"OperationKey","decl":{"start":{"line":5,"column":9},"end":{"line":5,"column":21}},"loc":{"start":{"line":5,"column":30},"end":{"line":15,"column":1}},"line":5},"1":{"name":"(anonymous_1)","decl":{"start":{"line":9,"column":21},"end":{"line":9,"column":22}},"loc":{"start":{"line":9,"column":27},"end":{"line":9,"column":66}},"line":9}},"branchMap":{},"s":{"0":0,"1":0,"2":0},"f":{"0":0,"1":0},"b":{}}
,"/Users/paulo/Documents/paulo/Cursos/AssureSoft(Training)/6. Frontend Web Development/Tasks/AssureFrontendTrain-task11/src/components/result-box.jsx": {"path":"/Users/paulo/Documents/paulo/Cursos/AssureSoft(Training)/6. Frontend Web Development/Tasks/AssureFrontendTrain-task11/src/components/result-box.jsx","statementMap":{"0":{"start":{"line":2,"column":4},"end":{"line":6,"column":5}}},"fnMap":{"0":{"name":"ResultBox","decl":{"start":{"line":1,"column":9},"end":{"line":1,"column":18}},"loc":{"start":{"line":1,"column":27},"end":{"line":7,"column":1}},"line":1}},"branchMap":{},"s":{"0":0},"f":{"0":0},"b":{}}
,"/Users/paulo/Documents/paulo/Cursos/AssureSoft(Training)/6. Frontend Web Development/Tasks/AssureFrontendTrain-task11/src/features/calculator/calculator-slice.js": {"path":"/Users/paulo/Documents/paulo/Cursos/AssureSoft(Training)/6. Frontend Web Development/Tasks/AssureFrontendTrain-task11/src/features/calculator/calculator-slice.js","statementMap":{"0":{"start":{"line":5,"column":21},"end":{"line":9,"column":1}},"1":{"start":{"line":11,"column":31},"end":{"line":45,"column":2}},"2":{"start":{"line":16,"column":12},"end":{"line":18,"column":13}},"3":{"start":{"line":17,"column":16},"end":{"line":17,"column":35}},"4":{"start":{"line":19,"column":12},"end":{"line":19,"column":39}},"5":{"start":{"line":20,"column":12},"end":{"line":20,"column":37}},"6":{"start":{"line":23,"column":12},"end":{"line":27,"column":14}},"7":{"start":{"line":28,"column":12},"end":{"line":28,"column":33}},"8":{"start":{"line":29,"column":12},"end":{"line":29,"column":37}},"9":{"start":{"line":30,"column":12},"end":{"line":30,"column":56}},"10":{"start":{"line":33,"column":12},"end":{"line":33,"column":33}},"11":{"start":{"line":34,"column":12},"end":{"line":34,"column":32}},"12":{"start":{"line":35,"column":12},"end":{"line":35,"column":37}},"13":{"start":{"line":38,"column":12},"end":{"line":41,"column":14}},"14":{"start":{"line":42,"column":12},"end":{"line":42,"column":59}},"15":{"start":{"line":52,"column":4},"end":{"line":52,"column":27}},"16":{"start":{"line":54,"column":38},"end":{"line":54,"column":73}},"17":{"start":{"line":54,"column":49},"end":{"line":54,"column":73}}},"fnMap":{"0":{"name":"(anonymous_0)","decl":{"start":{"line":15,"column":25},"end":{"line":15,"column":26}},"loc":{"start":{"line":15,"column":49},"end":{"line":21,"column":9}},"line":15},"1":{"name":"(anonymous_1)","decl":{"start":{"line":22,"column":22},"end":{"line":22,"column":23}},"loc":{"start":{"line":22,"column":46},"end":{"line":31,"column":9}},"line":22},"2":{"name":"(anonymous_2)","decl":{"start":{"line":32,"column":24},"end":{"line":32,"column":25}},"loc":{"start":{"line":32,"column":35},"end":{"line":36,"column":9}},"line":32},"3":{"name":"(anonymous_3)","decl":{"start":{"line":37,"column":25},"end":{"line":37,"column":26}},"loc":{"start":{"line":37,"column":36},"end":{"line":43,"column":9}},"line":37},"4":{"name":"(anonymous_4)","decl":{"start":{"line":54,"column":38},"end":{"line":54,"column":39}},"loc":{"start":{"line":54,"column":49},"end":{"line":54,"column":73}},"line":54}},"branchMap":{"0":{"loc":{"start":{"line":16,"column":12},"end":{"line":18,"column":13}},"type":"if","locations":[{"start":{"line":16,"column":12},"end":{"line":18,"column":13}},{"start":{},"end":{}}],"line":16}},"s":{"0":1,"1":1,"2":1,"3":1,"4":1,"5":1,"6":1,"7":1,"8":1,"9":1,"10":1,"11":1,"12":1,"13":1,"14":1,"15":1,"16":1,"17":0},"f":{"0":1,"1":1,"2":1,"3":1,"4":0},"b":{"0":[1,0]},"_coverageSchema":"1a1c01bbd47fc00a2c39e90264f33305004495a9","hash":"b72a0c2c5e4bace073aaa1d246ea9bc9d43ec83b"}
,"/Users/paulo/Documents/paulo/Cursos/AssureSoft(Training)/6. Frontend Web Development/Tasks/AssureFrontendTrain-task11/src/features/counter/Counter.js": {"path":"/Users/paulo/Documents/paulo/Cursos/AssureSoft(Training)/6. Frontend Web Development/Tasks/AssureFrontendTrain-task11/src/features/counter/Counter.js","statementMap":{"0":{"start":{"line":14,"column":16},"end":{"line":14,"column":40}},"1":{"start":{"line":15,"column":19},"end":{"line":15,"column":32}},"2":{"start":{"line":16,"column":48},"end":{"line":16,"column":61}},"3":{"start":{"line":18,"column":25},"end":{"line":18,"column":53}},"4":{"start":{"line":20,"column":2},"end":{"line":66,"column":4}},"5":{"start":{"line":26,"column":25},"end":{"line":26,"column":46}},"6":{"start":{"line":34,"column":25},"end":{"line":34,"column":46}},"7":{"start":{"line":44,"column":27},"end":{"line":44,"column":61}},"8":{"start":{"line":48,"column":25},"end":{"line":48,"column":68}},"9":{"start":{"line":54,"column":25},"end":{"line":54,"column":65}},"10":{"start":{"line":60,"column":25},"end":{"line":60,"column":65}}},"fnMap":{"0":{"name":"Counter","decl":{"start":{"line":13,"column":16},"end":{"line":13,"column":23}},"loc":{"start":{"line":13,"column":26},"end":{"line":67,"column":1}},"line":13},"1":{"name":"(anonymous_1)","decl":{"start":{"line":26,"column":19},"end":{"line":26,"column":20}},"loc":{"start":{"line":26,"column":25},"end":{"line":26,"column":46}},"line":26},"2":{"name":"(anonymous_2)","decl":{"start":{"line":34,"column":19},"end":{"line":34,"column":20}},"loc":{"start":{"line":34,"column":25},"end":{"line":34,"column":46}},"line":34},"3":{"name":"(anonymous_3)","decl":{"start":{"line":44,"column":20},"end":{"line":44,"column":21}},"loc":{"start":{"line":44,"column":27},"end":{"line":44,"column":61}},"line":44},"4":{"name":"(anonymous_4)","decl":{"start":{"line":48,"column":19},"end":{"line":48,"column":20}},"loc":{"start":{"line":48,"column":25},"end":{"line":48,"column":68}},"line":48},"5":{"name":"(anonymous_5)","decl":{"start":{"line":54,"column":19},"end":{"line":54,"column":20}},"loc":{"start":{"line":54,"column":25},"end":{"line":54,"column":65}},"line":54},"6":{"name":"(anonymous_6)","decl":{"start":{"line":60,"column":19},"end":{"line":60,"column":20}},"loc":{"start":{"line":60,"column":25},"end":{"line":60,"column":65}},"line":60}},"branchMap":{"0":{"loc":{"start":{"line":18,"column":25},"end":{"line":18,"column":53}},"type":"binary-expr","locations":[{"start":{"line":18,"column":25},"end":{"line":18,"column":48}},{"start":{"line":18,"column":52},"end":{"line":18,"column":53}}],"line":18}},"s":{"0":0,"1":0,"2":0,"3":0,"4":0,"5":0,"6":0,"7":0,"8":0,"9":0,"10":0},"f":{"0":0,"1":0,"2":0,"3":0,"4":0,"5":0,"6":0},"b":{"0":[0,0]}}
,"/Users/paulo/Documents/paulo/Cursos/AssureSoft(Training)/6. Frontend Web Development/Tasks/AssureFrontendTrain-task11/src/features/counter/counterAPI.js": {"path":"/Users/paulo/Documents/paulo/Cursos/AssureSoft(Training)/6. Frontend Web Development/Tasks/AssureFrontendTrain-task11/src/features/counter/counterAPI.js","statementMap":{"0":{"start":{"line":3,"column":2},"end":{"line":5,"column":4}},"1":{"start":{"line":4,"column":4},"end":{"line":4,"column":52}},"2":{"start":{"line":4,"column":21},"end":{"line":4,"column":46}}},"fnMap":{"0":{"name":"fetchCount","decl":{"start":{"line":2,"column":16},"end":{"line":2,"column":26}},"loc":{"start":{"line":2,"column":39},"end":{"line":6,"column":1}},"line":2},"1":{"name":"(anonymous_1)","decl":{"start":{"line":3,"column":21},"end":{"line":3,"column":22}},"loc":{"start":{"line":4,"column":4},"end":{"line":4,"column":52}},"line":4},"2":{"name":"(anonymous_2)","decl":{"start":{"line":4,"column":15},"end":{"line":4,"column":16}},"loc":{"start":{"line":4,"column":21},"end":{"line":4,"column":46}},"line":4}},"branchMap":{"0":{"loc":{"start":{"line":2,"column":27},"end":{"line":2,"column":37}},"type":"default-arg","locations":[{"start":{"line":2,"column":36},"end":{"line":2,"column":37}}],"line":2}},"s":{"0":0,"1":0,"2":0},"f":{"0":0,"1":0,"2":0},"b":{"0":[0]},"_coverageSchema":"1a1c01bbd47fc00a2c39e90264f33305004495a9","hash":"1a292a090fdc926d34050a86fbd53d2bc04e6d50"}
,"/Users/paulo/Documents/paulo/Cursos/AssureSoft(Training)/6. Frontend Web Development/Tasks/AssureFrontendTrain-task11/src/features/counter/counterSlice.js": {"path":"/Users/paulo/Documents/paulo/Cursos/AssureSoft(Training)/6. Frontend Web Development/Tasks/AssureFrontendTrain-task11/src/features/counter/counterSlice.js","statementMap":{"0":{"start":{"line":4,"column":21},"end":{"line":7,"column":1}},"1":{"start":{"line":14,"column":30},"end":{"line":21,"column":1}},"2":{"start":{"line":17,"column":21},"end":{"line":17,"column":45}},"3":{"start":{"line":19,"column":4},"end":{"line":19,"column":25}},"4":{"start":{"line":23,"column":28},"end":{"line":55,"column":2}},"5":{"start":{"line":33,"column":6},"end":{"line":33,"column":23}},"6":{"start":{"line":36,"column":6},"end":{"line":36,"column":23}},"7":{"start":{"line":40,"column":6},"end":{"line":40,"column":36}},"8":{"start":{"line":46,"column":4},"end":{"line":53,"column":9}},"9":{"start":{"line":48,"column":8},"end":{"line":48,"column":33}},"10":{"start":{"line":51,"column":8},"end":{"line":51,"column":30}},"11":{"start":{"line":52,"column":8},"end":{"line":52,"column":38}},"12":{"start":{"line":57,"column":59},"end":{"line":57,"column":79}},"13":{"start":{"line":62,"column":27},"end":{"line":62,"column":57}},"14":{"start":{"line":62,"column":38},"end":{"line":62,"column":57}},"15":{"start":{"line":66,"column":30},"end":{"line":71,"column":1}},"16":{"start":{"line":66,"column":42},"end":{"line":71,"column":1}},"17":{"start":{"line":67,"column":23},"end":{"line":67,"column":46}},"18":{"start":{"line":68,"column":2},"end":{"line":70,"column":3}},"19":{"start":{"line":69,"column":4},"end":{"line":69,"column":40}}},"fnMap":{"0":{"name":"(anonymous_0)","decl":{"start":{"line":16,"column":2},"end":{"line":16,"column":3}},"loc":{"start":{"line":16,"column":20},"end":{"line":20,"column":3}},"line":16},"1":{"name":"(anonymous_1)","decl":{"start":{"line":28,"column":15},"end":{"line":28,"column":16}},"loc":{"start":{"line":28,"column":26},"end":{"line":34,"column":5}},"line":28},"2":{"name":"(anonymous_2)","decl":{"start":{"line":35,"column":15},"end":{"line":35,"column":16}},"loc":{"start":{"line":35,"column":26},"end":{"line":37,"column":5}},"line":35},"3":{"name":"(anonymous_3)","decl":{"start":{"line":39,"column":23},"end":{"line":39,"column":24}},"loc":{"start":{"line":39,"column":42},"end":{"line":41,"column":5}},"line":39},"4":{"name":"(anonymous_4)","decl":{"start":{"line":45,"column":17},"end":{"line":45,"column":18}},"loc":{"start":{"line":45,"column":30},"end":{"line":54,"column":3}},"line":45},"5":{"name":"(anonymous_5)","decl":{"start":{"line":47,"column":39},"end":{"line":47,"column":40}},"loc":{"start":{"line":47,"column":50},"end":{"line":49,"column":7}},"line":47},"6":{"name":"(anonymous_6)","decl":{"start":{"line":50,"column":41},"end":{"line":50,"column":42}},"loc":{"start":{"line":50,"column":60},"end":{"line":53,"column":7}},"line":50},"7":{"name":"(anonymous_7)","decl":{"start":{"line":62,"column":27},"end":{"line":62,"column":28}},"loc":{"start":{"line":62,"column":38},"end":{"line":62,"column":57}},"line":62},"8":{"name":"(anonymous_8)","decl":{"start":{"line":66,"column":30},"end":{"line":66,"column":31}},"loc":{"start":{"line":66,"column":42},"end":{"line":71,"column":1}},"line":66},"9":{"name":"(anonymous_9)","decl":{"start":{"line":66,"column":42},"end":{"line":66,"column":43}},"loc":{"start":{"line":66,"column":66},"end":{"line":71,"column":1}},"line":66}},"branchMap":{"0":{"loc":{"start":{"line":68,"column":2},"end":{"line":70,"column":3}},"type":"if","locations":[{"start":{"line":68,"column":2},"end":{"line":70,"column":3}},{"start":{},"end":{}}],"line":68}},"s":{"0":1,"1":1,"2":0,"3":0,"4":1,"5":1,"6":1,"7":1,"8":1,"9":0,"10":0,"11":0,"12":1,"13":1,"14":0,"15":1,"16":0,"17":0,"18":0,"19":0},"f":{"0":0,"1":1,"2":1,"3":1,"4":1,"5":0,"6":0,"7":0,"8":0,"9":0},"b":{"0":[0,0]},"_coverageSchema":"1a1c01bbd47fc00a2c39e90264f33305004495a9","hash":"8bbaae2720af072c7ece0da6d42f58678a672e0a"}
,"/Users/paulo/Documents/paulo/Cursos/AssureSoft(Training)/6. Frontend Web Development/Tasks/AssureFrontendTrain-task11/src/helpers/calculator.js": {"path":"/Users/paulo/Documents/paulo/Cursos/AssureSoft(Training)/6. Frontend Web Development/Tasks/AssureFrontendTrain-task11/src/helpers/calculator.js","statementMap":{"0":{"start":{"line":4,"column":4},"end":{"line":10,"column":5}},"1":{"start":{"line":5,"column":29},"end":{"line":5,"column":46}},"2":{"start":{"line":6,"column":21},"end":{"line":6,"column":79}},"3":{"start":{"line":7,"column":8},"end":{"line":7,"column":38}},"4":{"start":{"line":8,"column":8},"end":{"line":8,"column":43}},"5":{"start":{"line":9,"column":8},"end":{"line":9,"column":39}},"6":{"start":{"line":11,"column":4},"end":{"line":20,"column":5}},"7":{"start":{"line":12,"column":29},"end":{"line":12,"column":46}},"8":{"start":{"line":13,"column":21},"end":{"line":16,"column":9}},"9":{"start":{"line":17,"column":8},"end":{"line":17,"column":38}},"10":{"start":{"line":18,"column":8},"end":{"line":18,"column":43}},"11":{"start":{"line":19,"column":8},"end":{"line":19,"column":39}},"12":{"start":{"line":21,"column":4},"end":{"line":30,"column":5}},"13":{"start":{"line":22,"column":29},"end":{"line":22,"column":46}},"14":{"start":{"line":23,"column":21},"end":{"line":26,"column":9}},"15":{"start":{"line":27,"column":8},"end":{"line":27,"column":38}},"16":{"start":{"line":28,"column":8},"end":{"line":28,"column":43}},"17":{"start":{"line":29,"column":8},"end":{"line":29,"column":39}},"18":{"start":{"line":31,"column":4},"end":{"line":37,"column":5}},"19":{"start":{"line":32,"column":29},"end":{"line":32,"column":46}},"20":{"start":{"line":33,"column":21},"end":{"line":33,"column":76}},"21":{"start":{"line":34,"column":8},"end":{"line":34,"column":38}},"22":{"start":{"line":35,"column":8},"end":{"line":35,"column":43}},"23":{"start":{"line":36,"column":8},"end":{"line":36,"column":39}},"24":{"start":{"line":39,"column":4},"end":{"line":39,"column":19}}},"fnMap":{"0":{"name":"solveList","decl":{"start":{"line":3,"column":9},"end":{"line":3,"column":18}},"loc":{"start":{"line":3,"column":25},"end":{"line":40,"column":1}},"line":3}},"branchMap":{},"s":{"0":3,"1":0,"2":0,"3":0,"4":0,"5":0,"6":3,"7":2,"8":2,"9":2,"10":2,"11":2,"12":3,"13":0,"14":0,"15":0,"16":0,"17":0,"18":3,"19":2,"20":2,"21":2,"22":2,"23":2,"24":3},"f":{"0":3},"b":{},"_coverageSchema":"1a1c01bbd47fc00a2c39e90264f33305004495a9","hash":"38699ef38df2d6356c6a52478e5724ba6f259af8"}
,"/Users/paulo/Documents/paulo/Cursos/AssureSoft(Training)/6. Frontend Web Development/Tasks/AssureFrontendTrain-task11/src/helpers/operations.js": {"path":"/Users/paulo/Documents/paulo/Cursos/AssureSoft(Training)/6. Frontend Web Development/Tasks/AssureFrontendTrain-task11/src/helpers/operations.js","statementMap":{"0":{"start":{"line":1,"column":19},"end":{"line":3,"column":1}},"1":{"start":{"line":2,"column":4},"end":{"line":2,"column":17}},"2":{"start":{"line":5,"column":24},"end":{"line":7,"column":1}},"3":{"start":{"line":6,"column":4},"end":{"line":6,"column":17}},"4":{"start":{"line":9,"column":22},"end":{"line":13,"column":1}},"5":{"start":{"line":10,"column":4},"end":{"line":12,"column":5}},"6":{"start":{"line":11,"column":8},"end":{"line":11,"column":21}},"7":{"start":{"line":14,"column":24},"end":{"line":16,"column":1}},"8":{"start":{"line":15,"column":4},"end":{"line":15,"column":17}}},"fnMap":{"0":{"name":"(anonymous_0)","decl":{"start":{"line":1,"column":19},"end":{"line":1,"column":20}},"loc":{"start":{"line":1,"column":29},"end":{"line":3,"column":1}},"line":1},"1":{"name":"(anonymous_1)","decl":{"start":{"line":5,"column":24},"end":{"line":5,"column":25}},"loc":{"start":{"line":5,"column":34},"end":{"line":7,"column":1}},"line":5},"2":{"name":"(anonymous_2)","decl":{"start":{"line":9,"column":22},"end":{"line":9,"column":23}},"loc":{"start":{"line":9,"column":32},"end":{"line":13,"column":1}},"line":9},"3":{"name":"(anonymous_3)","decl":{"start":{"line":14,"column":24},"end":{"line":14,"column":25}},"loc":{"start":{"line":14,"column":34},"end":{"line":16,"column":1}},"line":14}},"branchMap":{"0":{"loc":{"start":{"line":10,"column":4},"end":{"line":12,"column":5}},"type":"if","locations":[{"start":{"line":10,"column":4},"end":{"line":12,"column":5}},{"start":{},"end":{}}],"line":10}},"s":{"0":3,"1":3,"2":3,"3":1,"4":3,"5":1,"6":1,"7":3,"8":3},"f":{"0":3,"1":1,"2":1,"3":3},"b":{"0":[1,0]},"_coverageSchema":"1a1c01bbd47fc00a2c39e90264f33305004495a9","hash":"85d0969a59533e7b613067322f5d0d1285bf11ba"}
}
